<?xml version="1.0" encoding="UTF-8"?>
<coverage generated="1693001418305" clover="3.2.0">
  <project timestamp="1693001418306" name="All files">
    <metrics statements="12" coveredstatements="12" conditionals="3" coveredconditionals="3" methods="5" coveredmethods="5" elements="20" coveredelements="20" complexity="0" loc="12" ncloc="12" packages="2" files="3" classes="3"/>
    <package name="factories">
      <metrics statements="8" coveredstatements="8" conditionals="3" coveredconditionals="3" methods="4" coveredmethods="4"/>
      <file name="media.factories.ts" path="/home/driven/Desktop/DESENVOLVIMENTO-WEB/BACK-END/MOD6/projeto22-social-postify/test/factories/media.factories.ts">
        <metrics statements="4" coveredstatements="4" conditionals="0" coveredconditionals="0" methods="2" coveredmethods="2"/>
        <line num="1" count="2" type="stmt"/>
        <line num="4" count="2" type="stmt"/>
        <line num="6" count="9" type="stmt"/>
        <line num="15" count="2" type="stmt"/>
      </file>
      <file name="post.factories.ts" path="/home/driven/Desktop/DESENVOLVIMENTO-WEB/BACK-END/MOD6/projeto22-social-postify/test/factories/post.factories.ts">
        <metrics statements="4" coveredstatements="4" conditionals="3" coveredconditionals="3" methods="2" coveredmethods="2"/>
        <line num="1" count="2" type="stmt"/>
        <line num="4" count="2" type="stmt"/>
        <line num="6" count="8" type="stmt"/>
        <line num="16" count="2" type="stmt"/>
      </file>
    </package>
    <package name="helpers">
      <metrics statements="4" coveredstatements="4" conditionals="0" coveredconditionals="0" methods="1" coveredmethods="1"/>
      <file name="testHelpers.ts" path="/home/driven/Desktop/DESENVOLVIMENTO-WEB/BACK-END/MOD6/projeto22-social-postify/test/helpers/testHelpers.ts">
        <metrics statements="4" coveredstatements="4" conditionals="0" coveredconditionals="0" methods="1" coveredmethods="1"/>
        <line num="3" count="3" type="stmt"/>
        <line num="5" count="28" type="stmt"/>
        <line num="6" count="28" type="stmt"/>
        <line num="7" count="28" type="stmt"/>
      </file>
    </package>
  </project>
</coverage>
