{"/home/driven/Desktop/DESENVOLVIMENTO-WEB/BACK-END/MOD6/projeto22-social-postify/test/factories/media.factories.ts": {"path":"/home/driven/Desktop/DESENVOLVIMENTO-WEB/BACK-END/MOD6/projeto22-social-postify/test/factories/media.factories.ts","statementMap":{"0":{"start":{"line":1,"column":0},"end":{"line":1,"column":40}},"1":{"start":{"line":6,"column":4},"end":{"line":11,"column":7}},"2":{"start":{"line":15,"column":4},"end":{"line":15,"column":60}},"3":{"start":{"line":4,"column":0},"end":{"line":4,"column":13}}},"fnMap":{"0":{"name":"(anonymous_0)","decl":{"start":{"line":5,"column":2},"end":{"line":5,"column":7}},"loc":{"start":{"line":5,"column":41},"end":{"line":12,"column":3}}},"1":{"name":"(anonymous_1)","decl":{"start":{"line":14,"column":2},"end":{"line":14,"column":7}},"loc":{"start":{"line":14,"column":54},"end":{"line":16,"column":3}}}},"branchMap":{},"s":{"0":2,"1":9,"2":2,"3":2},"f":{"0":9,"1":2},"b":{}}
,"/home/driven/Desktop/DESENVOLVIMENTO-WEB/BACK-END/MOD6/projeto22-social-postify/test/factories/post.factories.ts": {"path":"/home/driven/Desktop/DESENVOLVIMENTO-WEB/BACK-END/MOD6/projeto22-social-postify/test/factories/post.factories.ts","statementMap":{"0":{"start":{"line":1,"column":0},"end":{"line":1,"column":40}},"1":{"start":{"line":6,"column":4},"end":{"line":12,"column":7}},"2":{"start":{"line":16,"column":4},"end":{"line":16,"column":59}},"3":{"start":{"line":4,"column":0},"end":{"line":4,"column":13}}},"fnMap":{"0":{"name":"(anonymous_0)","decl":{"start":{"line":5,"column":2},"end":{"line":5,"column":7}},"loc":{"start":{"line":5,"column":55},"end":{"line":13,"column":3}}},"1":{"name":"(anonymous_1)","decl":{"start":{"line":15,"column":2},"end":{"line":15,"column":7}},"loc":{"start":{"line":15,"column":53},"end":{"line":17,"column":3}}}},"branchMap":{"0":{"loc":{"start":{"line":5,"column":42},"end":{"line":5,"column":55}},"type":"default-arg","locations":[{"start":{"line":5,"column":50},"end":{"line":5,"column":55}}]},"1":{"loc":{"start":{"line":10,"column":15},"end":{"line":10,"column":50}},"type":"cond-expr","locations":[{"start":{"line":10,"column":23},"end":{"line":10,"column":43}},{"start":{"line":10,"column":46},"end":{"line":10,"column":50}}]}},"s":{"0":2,"1":8,"2":2,"3":2},"f":{"0":8,"1":2},"b":{"0":[6],"1":[2,6]}}
,"/home/driven/Desktop/DESENVOLVIMENTO-WEB/BACK-END/MOD6/projeto22-social-postify/test/helpers/testHelpers.ts": {"path":"/home/driven/Desktop/DESENVOLVIMENTO-WEB/BACK-END/MOD6/projeto22-social-postify/test/helpers/testHelpers.ts","statementMap":{"0":{"start":{"line":5,"column":4},"end":{"line":5,"column":44}},"1":{"start":{"line":6,"column":4},"end":{"line":6,"column":38}},"2":{"start":{"line":7,"column":4},"end":{"line":7,"column":37}},"3":{"start":{"line":3,"column":0},"end":{"line":3,"column":13}}},"fnMap":{"0":{"name":"(anonymous_0)","decl":{"start":{"line":4,"column":2},"end":{"line":4,"column":7}},"loc":{"start":{"line":4,"column":37},"end":{"line":8,"column":3}}}},"branchMap":{},"s":{"0":28,"1":28,"2":28,"3":3},"f":{"0":28},"b":{}}
}
