TN:
SF:test/factories/media.factories.ts
FN:5,(anonymous_0)
FN:14,(anonymous_1)
FNF:2
FNH:2
FNDA:9,(anonymous_0)
FNDA:2,(anonymous_1)
DA:1,2
DA:4,2
DA:6,9
DA:15,2
LF:4
LH:4
BRF:0
BRH:0
end_of_record
TN:
SF:test/factories/post.factories.ts
FN:5,(anonymous_0)
FN:15,(anonymous_1)
FNF:2
FNH:2
FNDA:8,(anonymous_0)
FNDA:2,(anonymous_1)
DA:1,2
DA:4,2
DA:6,8
DA:16,2
LF:4
LH:4
BRDA:5,0,0,6
BRDA:10,1,0,2
BRDA:10,1,1,6
BRF:3
BRH:3
end_of_record
TN:
SF:test/helpers/testHelpers.ts
FN:4,(anonymous_0)
FNF:1
FNH:1
FNDA:28,(anonymous_0)
DA:3,3
DA:5,28
DA:6,28
DA:7,28
LF:4
LH:4
BRF:0
BRH:0
end_of_record
